<?xml version="1.0" encoding="UTF-8"?>
<!-- Generated by org.testng.reporters.JUnitXMLReporter -->
<testsuite ignored="0" hostname="LAPTOP-R1775SKG" failures="2" tests="2" name="Test(failed)(failed)" time="22.865" errors="0" timestamp="2022-02-22T09:22:55 IST">
  <testcase classname="TestCases.TC_002_LoginDDT" name="LoginDDT" time="6.326">
    <failure type="java.lang.AssertionError" message="expected [true] but found [false]">
      <![CDATA[java.lang.AssertionError: expected [true] but found [false]
at TestCases.TC_002_LoginDDT.LoginDDT(TC_002_LoginDDT.java:29)
at java.base/java.util.ArrayList.forEach(ArrayList.java:1511)
... Removed 31 stack frames]]>
    </failure>
  </testcase> <!-- LoginDDT -->
  <testcase classname="TestCases.TC_002_LoginDDT" name="LoginDDT" time="6.265">
    <failure type="java.lang.AssertionError" message="expected [true] but found [false]">
      <![CDATA[java.lang.AssertionError: expected [true] but found [false]
at TestCases.TC_002_LoginDDT.LoginDDT(TC_002_LoginDDT.java:29)
at java.base/java.util.ArrayList.forEach(ArrayList.java:1511)
... Removed 31 stack frames]]>
    </failure>
  </testcase> <!-- LoginDDT -->
</testsuite> <!-- Test(failed)(failed) -->
