<?xml version="1.0" encoding="UTF-8"?>
<!-- Generated by org.testng.reporters.JUnitXMLReporter -->
<testsuite ignored="0" hostname="LAPTOP-R1775SKG" failures="2" tests="3" name="Test(failed)" time="37.088" errors="0" timestamp="2022-02-22T09:20:25 IST">
  <testcase classname="TestCases.TC_002_LoginDDT" name="LoginDDT" time="6.345">
    <failure type="java.lang.AssertionError" message="expected [true] but found [false]">
      <![CDATA[java.lang.AssertionError: expected [true] but found [false]
at TestCases.TC_002_LoginDDT.LoginDDT(TC_002_LoginDDT.java:29)
at java.base/java.util.ArrayList.forEach(ArrayList.java:1511)
... Removed 31 stack frames]]>
    </failure>
  </testcase> <!-- LoginDDT -->
  <testcase classname="TestCases.TC_002_LoginDDT" name="LoginDDT" time="11.782"/>
  <testcase classname="TestCases.TC_002_LoginDDT" name="LoginDDT" time="6.425">
    <failure type="java.lang.AssertionError" message="expected [true] but found [false]">
      <![CDATA[java.lang.AssertionError: expected [true] but found [false]
at TestCases.TC_002_LoginDDT.LoginDDT(TC_002_LoginDDT.java:29)
at java.base/java.util.ArrayList.forEach(ArrayList.java:1511)
... Removed 31 stack frames]]>
    </failure>
  </testcase> <!-- LoginDDT -->
</testsuite> <!-- Test(failed) -->
